Build started 11/19/2017 8:49:40 AM.
     1>Project "C:\Users\josef\Documents\Visual Studio 2010\Projects\gg\submission1\submission1\submission1.vcxproj" on node 2 (build target(s)).
     1>InitializeBuildStatus:
         Creating "Debug\submission1.unsuccessfulbuild" because "AlwaysCreate" was specified.
       ClCompile:
         c:\Program Files (x86)\Microsoft Visual Studio 10.0\VC\bin\CL.exe /c /ZI /nologo /W3 /WX- /Od /Oy- /D _MBCS /Gm /EHsc /RTC1 /MDd /GS /fp:precise /Zc:wchar_t /Zc:forScope /Fo"Debug\\" /Fd"Debug\vc100.pdb" /Gd /TP /analyze- /errorReport:prompt Circle.cpp Collection.cpp main.cpp
         Collection.cpp
         Generating Code...
         Skipping... (no relevant changes detected)
         main.cpp
         Circle.cpp
       Link:
         c:\Program Files (x86)\Microsoft Visual Studio 10.0\VC\bin\link.exe /ERRORREPORT:PROMPT /OUT:"C:\Users\josef\Documents\Visual Studio 2010\Projects\gg\submission1\Debug\submission1.exe" /NOLOGO kernel32.lib user32.lib gdi32.lib winspool.lib comdlg32.lib advapi32.lib shell32.lib ole32.lib oleaut32.lib uuid.lib odbc32.lib odbccp32.lib /MANIFEST /ManifestFile:"Debug\submission1.exe.intermediate.manifest" /MANIFESTUAC:"level='asInvoker' uiAccess='false'" /DEBUG /PDB:"C:\Users\josef\Documents\Visual Studio 2010\Projects\gg\submission1\Debug\submission1.pdb" /TLBID:1 /DYNAMICBASE /NXCOMPAT /IMPLIB:"C:\Users\josef\Documents\Visual Studio 2010\Projects\gg\submission1\Debug\submission1.lib" /MACHINE:X86 Debug\Circle.obj
         Debug\Collection.obj
         Debug\main.obj
         Debug\point.obj
         LINK : C:\Users\josef\Documents\Visual Studio 2010\Projects\gg\submission1\Debug\submission1.exe not found or not built by the last incremental link; performing full link
         submission1.vcxproj -> C:\Users\josef\Documents\Visual Studio 2010\Projects\gg\submission1\Debug\submission1.exe
       Manifest:
         c:\Program Files (x86)\Microsoft SDKs\Windows\v7.0A\bin\mt.exe /nologo /verbose /outputresource:"C:\Users\josef\Documents\Visual Studio 2010\Projects\gg\submission1\Debug\submission1.exe;#1" /manifest Debug\submission1.exe.intermediate.manifest
       FinalizeBuildStatus:
         Deleting file "Debug\submission1.unsuccessfulbuild".
         Touching "Debug\submission1.lastbuildstate".
     1>Done Building Project "C:\Users\josef\Documents\Visual Studio 2010\Projects\gg\submission1\submission1\submission1.vcxproj" (build target(s)).

Build succeeded.

Time Elapsed 00:00:02.05
